2021-11-30 10:43:21,621 INFO o.a.j.u.JMeterUtils: Setting Locale to en_EN
2021-11-30 10:43:21,645 INFO o.a.j.JMeter: Loading user properties from: user.properties
2021-11-30 10:43:21,646 INFO o.a.j.JMeter: Loading system properties from: system.properties
2021-11-30 10:43:21,647 INFO o.a.j.JMeter: Setting JMeter property: NUM_USERS=1
2021-11-30 10:43:21,647 INFO o.a.j.JMeter: Setting JMeter property: USERS_RAMP_UP_SEC=0
2021-11-30 10:43:21,647 INFO o.a.j.JMeter: Setting JMeter property: REQ_COUNT=500
2021-11-30 10:43:21,647 INFO o.a.j.JMeter: Setting JMeter property: REQ_COUNT_INCREMENT=1
2021-11-30 10:43:21,647 INFO o.a.j.JMeter: Setting JMeter property: REQ_DELAY_MS=1
2021-11-30 10:43:21,654 INFO o.a.j.JMeter: Copyright (c) 1998-2021 The Apache Software Foundation
2021-11-30 10:43:21,654 INFO o.a.j.JMeter: Version 5.4.1
2021-11-30 10:43:21,654 INFO o.a.j.JMeter: java.version=1.8.0_301
2021-11-30 10:43:21,654 INFO o.a.j.JMeter: java.vm.name=Java HotSpot(TM) 64-Bit Server VM
2021-11-30 10:43:21,654 INFO o.a.j.JMeter: os.name=Mac OS X
2021-11-30 10:43:21,654 INFO o.a.j.JMeter: os.arch=x86_64
2021-11-30 10:43:21,654 INFO o.a.j.JMeter: os.version=10.16
2021-11-30 10:43:21,654 INFO o.a.j.JMeter: file.encoding=UTF-8
2021-11-30 10:43:21,654 INFO o.a.j.JMeter: java.awt.headless=true
2021-11-30 10:43:21,655 INFO o.a.j.JMeter: Max memory     =1073741824
2021-11-30 10:43:21,655 INFO o.a.j.JMeter: Available Processors =8
2021-11-30 10:43:21,658 INFO o.a.j.JMeter: Default Locale=English (EN)
2021-11-30 10:43:21,658 INFO o.a.j.JMeter: JMeter  Locale=English (EN)
2021-11-30 10:43:21,658 INFO o.a.j.JMeter: JMeterHome=/Users/PPatsa/Downloads/apache-jmeter-5.4.1
2021-11-30 10:43:21,658 INFO o.a.j.JMeter: user.dir  =/Users/PPatsa/Downloads/apache-jmeter-5.4.1/bin
2021-11-30 10:43:21,659 INFO o.a.j.JMeter: PWD       =/Users/PPatsa/Downloads/apache-jmeter-5.4.1/bin
2021-11-30 10:43:21,662 INFO o.a.j.JMeter: IP: 192.168.68.68 Name: ppatsa-mbp368 FullName: 192.168.68.68
2021-11-30 10:43:21,665 ERROR o.a.j.JMeter: An error occurred: 
java.lang.IllegalArgumentException: Cannot write to '/Users/PPatsa/Downloads/apache-jmeter-5.4.1/bin/logs/jmeter_dashboard_abc1' as folder is not empty
	at org.apache.jorphan.util.JOrphanUtils.canSafelyWriteToFolder(JOrphanUtils.java:663) ~[jorphan.jar:5.4.1]
	at org.apache.jorphan.util.JOrphanUtils.canSafelyWriteToFolder(JOrphanUtils.java:619) ~[jorphan.jar:5.4.1]
	at org.apache.jmeter.JMeter.extractAndSetReportOutputFolder(JMeter.java:609) ~[ApacheJMeter_core.jar:5.4.1]
	at org.apache.jmeter.JMeter.start(JMeter.java:563) [ApacheJMeter_core.jar:5.4.1]
	at sun.reflect.NativeMethodAccessorImpl.invoke0(Native Method) ~[?:1.8.0_301]
	at sun.reflect.NativeMethodAccessorImpl.invoke(NativeMethodAccessorImpl.java:62) ~[?:1.8.0_301]
	at sun.reflect.DelegatingMethodAccessorImpl.invoke(DelegatingMethodAccessorImpl.java:43) ~[?:1.8.0_301]
	at java.lang.reflect.Method.invoke(Method.java:498) ~[?:1.8.0_301]
	at org.apache.jmeter.NewDriver.main(NewDriver.java:254) [ApacheJMeter.jar:5.4.1]
