2021-11-30 10:43:35,376 INFO o.a.j.u.JMeterUtils: Setting Locale to en_EN
2021-11-30 10:43:35,399 INFO o.a.j.JMeter: Loading user properties from: user.properties
2021-11-30 10:43:35,400 INFO o.a.j.JMeter: Loading system properties from: system.properties
2021-11-30 10:43:35,400 INFO o.a.j.JMeter: Setting JMeter property: NUM_USERS=1
2021-11-30 10:43:35,400 INFO o.a.j.JMeter: Setting JMeter property: USERS_RAMP_UP_SEC=0
2021-11-30 10:43:35,401 INFO o.a.j.JMeter: Setting JMeter property: REQ_COUNT=500
2021-11-30 10:43:35,401 INFO o.a.j.JMeter: Setting JMeter property: REQ_COUNT_INCREMENT=1
2021-11-30 10:43:35,401 INFO o.a.j.JMeter: Setting JMeter property: REQ_DELAY_MS=1
2021-11-30 10:43:35,408 INFO o.a.j.JMeter: Copyright (c) 1998-2021 The Apache Software Foundation
2021-11-30 10:43:35,408 INFO o.a.j.JMeter: Version 5.4.1
2021-11-30 10:43:35,408 INFO o.a.j.JMeter: java.version=1.8.0_301
2021-11-30 10:43:35,408 INFO o.a.j.JMeter: java.vm.name=Java HotSpot(TM) 64-Bit Server VM
2021-11-30 10:43:35,408 INFO o.a.j.JMeter: os.name=Mac OS X
2021-11-30 10:43:35,408 INFO o.a.j.JMeter: os.arch=x86_64
2021-11-30 10:43:35,408 INFO o.a.j.JMeter: os.version=10.16
2021-11-30 10:43:35,408 INFO o.a.j.JMeter: file.encoding=UTF-8
2021-11-30 10:43:35,408 INFO o.a.j.JMeter: java.awt.headless=true
2021-11-30 10:43:35,408 INFO o.a.j.JMeter: Max memory     =1073741824
2021-11-30 10:43:35,408 INFO o.a.j.JMeter: Available Processors =8
2021-11-30 10:43:35,412 INFO o.a.j.JMeter: Default Locale=English (EN)
2021-11-30 10:43:35,412 INFO o.a.j.JMeter: JMeter  Locale=English (EN)
2021-11-30 10:43:35,412 INFO o.a.j.JMeter: JMeterHome=/Users/PPatsa/Downloads/apache-jmeter-5.4.1
2021-11-30 10:43:35,412 INFO o.a.j.JMeter: user.dir  =/Users/PPatsa/Downloads/apache-jmeter-5.4.1/bin
2021-11-30 10:43:35,412 INFO o.a.j.JMeter: PWD       =/Users/PPatsa/Downloads/apache-jmeter-5.4.1/bin
2021-11-30 10:43:35,415 INFO o.a.j.JMeter: IP: 192.168.68.68 Name: ppatsa-mbp368 FullName: 192.168.68.68
2021-11-30 10:43:35,418 INFO o.a.j.JMeter: Setting property 'jmeter.reportgenerator.outputdir' to:'/Users/PPatsa/Downloads/apache-jmeter-5.4.1/bin/logs/jmeter_dashboard_abc2'
2021-11-30 10:43:35,420 INFO o.a.j.s.FileServer: Default base='/Users/PPatsa/Downloads/apache-jmeter-5.4.1/bin'
2021-11-30 10:43:35,421 INFO o.a.j.s.FileServer: Set new base='/Users/PPatsa/Downloads'
2021-11-30 10:43:35,515 INFO o.a.j.s.SaveService: Testplan (JMX) version: 2.2. Testlog (JTL) version: 2.2
2021-11-30 10:43:35,535 INFO o.a.j.s.SaveService: Using SaveService properties file encoding UTF-8
2021-11-30 10:43:35,539 INFO o.a.j.s.SaveService: Using SaveService properties version 5.0
2021-11-30 10:43:35,543 INFO o.a.j.s.SaveService: Loading file: /Users/PPatsa/Downloads/PT4_BMO.jmx
2021-11-30 10:43:35,577 INFO o.a.j.p.h.c.CookieManager: Settings: Delete null: true Check: true Allow variable: true Save: false Prefix: COOKIE_
2021-11-30 10:43:35,579 INFO o.a.j.p.h.c.CacheManager: Will only cache the following methods: [GET]
2021-11-30 10:43:35,595 INFO o.a.j.p.h.s.HTTPSamplerBase: Parser for text/html is org.apache.jmeter.protocol.http.parser.LagartoBasedHtmlParser
2021-11-30 10:43:35,595 INFO o.a.j.p.h.s.HTTPSamplerBase: Parser for application/xhtml+xml is org.apache.jmeter.protocol.http.parser.LagartoBasedHtmlParser
2021-11-30 10:43:35,595 INFO o.a.j.p.h.s.HTTPSamplerBase: Parser for application/xml is org.apache.jmeter.protocol.http.parser.LagartoBasedHtmlParser
2021-11-30 10:43:35,595 INFO o.a.j.p.h.s.HTTPSamplerBase: Parser for text/xml is org.apache.jmeter.protocol.http.parser.LagartoBasedHtmlParser
2021-11-30 10:43:35,595 INFO o.a.j.p.h.s.HTTPSamplerBase: Parser for text/vnd.wap.wml is org.apache.jmeter.protocol.http.parser.RegexpHTMLParser
2021-11-30 10:43:35,595 INFO o.a.j.p.h.s.HTTPSamplerBase: Parser for text/css is org.apache.jmeter.protocol.http.parser.CssParser
2021-11-30 10:43:35,626 INFO o.a.j.JMeter: Creating summariser <summary>
2021-11-30 10:43:35,629 INFO o.a.j.r.d.ReportGenerator: ReportGenerator will use for Parsing the separator: ','
2021-11-30 10:43:35,630 INFO o.a.j.r.d.ReportGenerator: Will generate report at end of test from  results file: logs/jmeter_log_abc2.jtl
2021-11-30 10:43:35,630 INFO o.a.j.r.d.ReportGenerator: Reading report generator properties from: /Users/PPatsa/Downloads/apache-jmeter-5.4.1/bin/reportgenerator.properties
2021-11-30 10:43:35,631 INFO o.a.j.r.d.ReportGenerator: Merging with JMeter properties
2021-11-30 10:43:35,635 INFO o.a.j.r.c.ReportGeneratorConfiguration: Property 'jmeter.reportgenerator.temp_dir' not found, using default value 'temp' instead.
2021-11-30 10:43:35,637 INFO o.a.j.r.c.ReportGeneratorConfiguration: Property 'jmeter.reportgenerator.apdex_per_transaction' not found, using default value 'null' instead.
2021-11-30 10:43:35,638 INFO o.a.j.r.c.ReportGeneratorConfiguration: apdex_per_transaction is empty, not APDEX per transaction customization
2021-11-30 10:43:35,638 INFO o.a.j.r.c.ReportGeneratorConfiguration: Property 'jmeter.reportgenerator.sample_filter' not found, using default value 'null' instead.
2021-11-30 10:43:35,638 INFO o.a.j.r.c.ReportGeneratorConfiguration: Property 'jmeter.reportgenerator.report_title' not found, using default value 'null' instead.
2021-11-30 10:43:35,638 INFO o.a.j.r.c.ReportGeneratorConfiguration: Property 'jmeter.reportgenerator.start_date' not found, using default value 'null' instead.
2021-11-30 10:43:35,638 INFO o.a.j.r.c.ReportGeneratorConfiguration: Property 'jmeter.reportgenerator.end_date' not found, using default value 'null' instead.
2021-11-30 10:43:35,638 INFO o.a.j.r.c.ReportGeneratorConfiguration: Property 'jmeter.reportgenerator.date_format' not found, using default value 'null' instead.
2021-11-30 10:43:35,638 INFO o.a.j.r.c.ReportGeneratorConfiguration: Will use date range start date: null, end date: null
2021-11-30 10:43:35,642 INFO o.a.j.r.c.ReportGeneratorConfiguration: Property 'jmeter.reportgenerator.graph.totalTPS.exclude_controllers' not found, using default value 'false' instead.
2021-11-30 10:43:35,642 INFO o.a.j.r.c.ReportGeneratorConfiguration: Property 'jmeter.reportgenerator.graph.activeThreadsOverTime.exclude_controllers' not found, using default value 'false' instead.
2021-11-30 10:43:35,642 INFO o.a.j.r.c.ReportGeneratorConfiguration: Property 'jmeter.reportgenerator.graph.timeVsThreads.exclude_controllers' not found, using default value 'false' instead.
2021-11-30 10:43:35,642 INFO o.a.j.r.c.ReportGeneratorConfiguration: Property 'jmeter.reportgenerator.graph.responseTimeDistribution.exclude_controllers' not found, using default value 'false' instead.
2021-11-30 10:43:35,642 INFO o.a.j.r.c.ReportGeneratorConfiguration: Property 'jmeter.reportgenerator.graph.transactionsPerSecond.exclude_controllers' not found, using default value 'false' instead.
2021-11-30 10:43:35,642 INFO o.a.j.r.c.ReportGeneratorConfiguration: Property 'jmeter.reportgenerator.graph.responseTimePercentiles.exclude_controllers' not found, using default value 'false' instead.
2021-11-30 10:43:35,643 INFO o.a.j.r.c.ReportGeneratorConfiguration: Property 'jmeter.reportgenerator.graph.responseTimePercentilesOverTime.exclude_controllers' not found, using default value 'false' instead.
2021-11-30 10:43:35,643 INFO o.a.j.r.c.ReportGeneratorConfiguration: Property 'jmeter.reportgenerator.graph.responseTimesOverTime.exclude_controllers' not found, using default value 'false' instead.
2021-11-30 10:43:35,643 INFO o.a.j.r.c.ReportGeneratorConfiguration: Property 'jmeter.reportgenerator.graph.connectTimeOverTime.exclude_controllers' not found, using default value 'false' instead.
2021-11-30 10:43:35,643 INFO o.a.j.r.c.ReportGeneratorConfiguration: Property 'jmeter.reportgenerator.graph.latenciesOverTime.exclude_controllers' not found, using default value 'false' instead.
2021-11-30 10:43:35,644 INFO o.a.j.r.c.ReportGeneratorConfiguration: Property 'jmeter.reportgenerator.exporter.json.filters_only_sample_series' not found, using default value 'true' instead.
2021-11-30 10:43:35,644 INFO o.a.j.r.c.ReportGeneratorConfiguration: Property 'jmeter.reportgenerator.exporter.json.series_filter' not found, using default value '' instead.
2021-11-30 10:43:35,644 INFO o.a.j.r.c.ReportGeneratorConfiguration: Property 'jmeter.reportgenerator.exporter.json.show_controllers_only' not found, using default value 'false' instead.
2021-11-30 10:43:35,644 INFO o.a.j.r.c.ReportGeneratorConfiguration: Property 'jmeter.reportgenerator.exporter.html.filters_only_sample_series' not found, using default value 'true' instead.
2021-11-30 10:43:35,644 INFO o.a.j.r.c.ReportGeneratorConfiguration: Property 'jmeter.reportgenerator.exporter.html.series_filter' not found, using default value '' instead.
2021-11-30 10:43:35,644 INFO o.a.j.r.c.ReportGeneratorConfiguration: Property 'jmeter.reportgenerator.exporter.html.show_controllers_only' not found, using default value 'false' instead.
2021-11-30 10:43:35,648 INFO o.a.j.e.StandardJMeterEngine: Running the test!
2021-11-30 10:43:35,650 INFO o.a.j.s.SampleEvent: List of sample_variables: []
2021-11-30 10:43:35,650 INFO o.a.j.s.SampleEvent: List of sample_variables: []
2021-11-30 10:43:35,654 INFO o.a.j.e.u.CompoundVariable: Note: Function class names must contain the string: '.functions.'
2021-11-30 10:43:35,654 INFO o.a.j.e.u.CompoundVariable: Note: Function class names must not contain the string: '.gui.'
2021-11-30 10:43:35,885 INFO o.a.j.JMeter: Running test (1638287015884)
2021-11-30 10:43:35,914 INFO o.a.j.e.StandardJMeterEngine: Starting ThreadGroup: 1 : Thread Group
2021-11-30 10:43:35,914 INFO o.a.j.e.StandardJMeterEngine: Starting 1 threads for group Thread Group.
2021-11-30 10:43:35,914 INFO o.a.j.e.StandardJMeterEngine: Thread will continue on error
2021-11-30 10:43:35,914 INFO o.a.j.t.ThreadGroup: Starting thread group... number=1 threads=1 ramp-up=1 delayedStart=false
2021-11-30 10:43:35,918 INFO o.a.j.t.ThreadGroup: Started thread group number 1
2021-11-30 10:43:35,919 INFO o.a.j.e.StandardJMeterEngine: All thread groups have been started
2021-11-30 10:43:35,922 INFO o.a.j.s.SampleResult: Note: Sample TimeStamps are START times
2021-11-30 10:43:35,922 INFO o.a.j.s.SampleResult: sampleresult.default.encoding is set to ISO-8859-1
2021-11-30 10:43:35,922 INFO o.a.j.s.SampleResult: sampleresult.useNanoTime=true
2021-11-30 10:43:35,922 INFO o.a.j.s.SampleResult: sampleresult.nanoThreadSleep=5000
2021-11-30 10:43:35,923 INFO o.a.j.t.JMeterThread: Thread started: Thread Group 1-1
2021-11-30 10:43:35,925 ERROR o.a.j.t.p.AbstractProperty: Tried to parse a non-number string to an integer
java.lang.NumberFormatException: For input string: "${req_delay_max}"
	at sun.misc.FloatingDecimal.readJavaFormatString(FloatingDecimal.java:2043) ~[?:1.8.0_301]
	at sun.misc.FloatingDecimal.parseDouble(FloatingDecimal.java:110) ~[?:1.8.0_301]
	at java.lang.Double.parseDouble(Double.java:538) ~[?:1.8.0_301]
	at org.apache.jmeter.testelement.property.AbstractProperty.getDoubleValue(AbstractProperty.java:144) [ApacheJMeter_core.jar:5.4.1]
	at org.apache.jmeter.testelement.AbstractTestElement.getPropertyAsDouble(AbstractTestElement.java:275) [ApacheJMeter_core.jar:5.4.1]
	at org.apache.jmeter.timers.RandomTimer.getRange(RandomTimer.java:63) [ApacheJMeter_components.jar:5.4.1]
	at org.apache.jmeter.timers.UniformRandomTimer.delay(UniformRandomTimer.java:35) [ApacheJMeter_components.jar:5.4.1]
	at org.apache.jmeter.threads.JMeterThread.delay(JMeterThread.java:982) [ApacheJMeter_core.jar:5.4.1]
	at org.apache.jmeter.threads.JMeterThread.executeSamplePackage(JMeterThread.java:554) [ApacheJMeter_core.jar:5.4.1]
	at org.apache.jmeter.threads.JMeterThread.processSampler(JMeterThread.java:489) [ApacheJMeter_core.jar:5.4.1]
	at org.apache.jmeter.threads.JMeterThread.run(JMeterThread.java:256) [ApacheJMeter_core.jar:5.4.1]
	at java.lang.Thread.run(Thread.java:748) [?:1.8.0_301]
2021-11-30 10:43:35,938 INFO o.a.j.p.h.s.HTTPHCAbstractImpl: Local host = ppatsa-mbp368
2021-11-30 10:43:35,942 INFO o.a.j.p.h.s.HTTPHC4Impl: HTTP request retry count = 0
2021-11-30 10:43:35,993 INFO o.a.j.p.h.s.h.LazyLayeredConnectionSocketFactory: Setting up HTTPS TrustAll Socket Factory
2021-11-30 10:43:35,998 INFO o.a.j.u.JsseSSLManager: Using default SSL protocol: TLS
2021-11-30 10:43:35,998 INFO o.a.j.u.JsseSSLManager: SSL session context: per-thread
2021-11-30 10:43:36,258 INFO o.a.j.u.SSLManager: JmeterKeyStore Location:  type JKS
2021-11-30 10:43:36,260 INFO o.a.j.u.SSLManager: KeyStore created OK
2021-11-30 10:43:36,260 WARN o.a.j.u.SSLManager: Keystore file not found, loading empty keystore
2021-11-30 10:43:36,700 INFO o.a.j.p.h.p.BaseParser: Created org.apache.jmeter.protocol.http.parser.LagartoBasedHtmlParser
2021-11-30 10:43:36,727 INFO o.a.j.p.h.s.ResourcesDownloader: Creating ResourcesDownloader with keepalive_inseconds : 60
2021-11-30 10:43:36,856 INFO o.a.j.p.h.p.BaseParser: Created org.apache.jmeter.protocol.http.parser.CssParser
2021-11-30 10:43:37,291 WARN c.h.c.r.e.LoggingCSSParseErrorHandler: Browser compliant mode skipped CSS from [10:132457] starting at token ';' until [10:132481] to token ';' (based on com.helger.css.parser.ParseException: Encountered unexpected token: "*" "*"
    at line 10, column 132458.

Was expecting one of:

    ";"
    "@bottom-center"
    "@bottom-left"
    "@bottom-left-corner"
    "@bottom-right"
    "@bottom-right-corner"
    "@charset"
    "@import"
    "@left-bottom"
    "@left-middle"
    "@left-top"
    "@media"
    "@namespace"
    "@page"
    "@right-bottom"
    "@right-middle"
    "@right-top"
    "@supports"
    "@top-center"
    "@top-left"
    "@top-left-corner"
    "@top-right"
    "@top-right-corner"
    "}"
    <AT_UNKNOWN>
    <FONTFACE_SYM>
    <IDENT>
    <KEYFRAMES_SYM>
    <S>
    <VIEWPORT_SYM>
)
2021-11-30 10:43:37,292 WARN c.h.c.r.e.LoggingCSSParseErrorHandler: Browser compliant mode skipped CSS from [10:132482] starting at token '*' until [10:132612] to token '}' (based on com.helger.css.parser.ParseException: Encountered unexpected token: "border-bottom-width" <IDENT>
    at line 10, column 132483.

Was expecting one of:

    "."
    ":"
    ":not("
    "["
    <COMMA>
    <HASH>
    <LBRACE>
    <S>
)
2021-11-30 10:43:37,764 ERROR o.a.j.t.p.AbstractProperty: Tried to parse a non-number string to an integer
java.lang.NumberFormatException: For input string: "${req_delay_max}"
	at sun.misc.FloatingDecimal.readJavaFormatString(FloatingDecimal.java:2043) ~[?:1.8.0_301]
	at sun.misc.FloatingDecimal.parseDouble(FloatingDecimal.java:110) ~[?:1.8.0_301]
	at java.lang.Double.parseDouble(Double.java:538) ~[?:1.8.0_301]
	at org.apache.jmeter.testelement.property.AbstractProperty.getDoubleValue(AbstractProperty.java:144) [ApacheJMeter_core.jar:5.4.1]
	at org.apache.jmeter.testelement.AbstractTestElement.getPropertyAsDouble(AbstractTestElement.java:275) [ApacheJMeter_core.jar:5.4.1]
	at org.apache.jmeter.timers.RandomTimer.getRange(RandomTimer.java:63) [ApacheJMeter_components.jar:5.4.1]
	at org.apache.jmeter.timers.UniformRandomTimer.delay(UniformRandomTimer.java:35) [ApacheJMeter_components.jar:5.4.1]
	at org.apache.jmeter.threads.JMeterThread.delay(JMeterThread.java:982) [ApacheJMeter_core.jar:5.4.1]
	at org.apache.jmeter.threads.JMeterThread.executeSamplePackage(JMeterThread.java:554) [ApacheJMeter_core.jar:5.4.1]
	at org.apache.jmeter.threads.JMeterThread.processSampler(JMeterThread.java:489) [ApacheJMeter_core.jar:5.4.1]
	at org.apache.jmeter.threads.JMeterThread.run(JMeterThread.java:256) [ApacheJMeter_core.jar:5.4.1]
	at java.lang.Thread.run(Thread.java:748) [?:1.8.0_301]
2021-11-30 10:43:37,856 INFO o.a.j.t.JMeterThread: Thread is done: Thread Group 1-1
2021-11-30 10:43:37,856 INFO o.a.j.t.JMeterThread: Thread finished: Thread Group 1-1
2021-11-30 10:43:37,863 INFO o.a.j.e.StandardJMeterEngine: Notifying test listeners of end of test
2021-11-30 10:43:37,864 INFO o.a.j.r.Summariser: summary =      2 in 00:00:02 =    1.0/s Avg:   937 Min:    90 Max:  1784 Err:     0 (0.00%)
2021-11-30 10:43:37,865 INFO o.a.j.JMeter: Generating Dashboard
2021-11-30 10:43:37,865 INFO o.a.j.r.d.ReportGenerator: Flushing result collector before report Generation
2021-11-30 10:43:37,879 INFO o.a.j.r.p.NormalizerSampleConsumer: Using format, 'ms', to parse timeStamp field
2021-11-30 10:43:37,932 INFO o.a.j.r.p.AbstractSampleConsumer: class org.apache.jmeter.report.processor.AggregateConsumer#stopProducing(): beginDate produced 0 samples
2021-11-30 10:43:37,933 INFO o.a.j.r.p.AbstractSampleConsumer: class org.apache.jmeter.report.processor.AggregateConsumer#stopProducing(): endDate produced 0 samples
2021-11-30 10:43:37,934 INFO o.a.j.r.p.AbstractSampleConsumer: class org.apache.jmeter.report.processor.ApdexSummaryConsumer#stopProducing(): apdexSummary produced 0 samples
2021-11-30 10:43:37,935 INFO o.a.j.r.p.AbstractSampleConsumer: class org.apache.jmeter.report.processor.RequestsSummaryConsumer#stopProducing(): requestsSummary produced 0 samples
2021-11-30 10:43:37,941 INFO o.a.j.r.p.AbstractSampleConsumer: class org.apache.jmeter.report.processor.StatisticsSummaryConsumer#stopProducing(): statisticsSummary produced 0 samples
2021-11-30 10:43:37,944 INFO o.a.j.r.p.AbstractSampleConsumer: class org.apache.jmeter.report.processor.Top5ErrorsBySamplerConsumer#stopProducing(): top5ErrorsBySampler produced 0 samples
2021-11-30 10:43:37,944 INFO o.a.j.r.p.AbstractSampleConsumer: class org.apache.jmeter.report.processor.ErrorsSummaryConsumer#stopProducing(): errorsSummary produced 0 samples
2021-11-30 10:43:37,944 INFO o.a.j.r.p.AbstractSampleConsumer: class org.apache.jmeter.report.processor.graph.impl.HitsPerSecondGraphConsumer#stopProducing(): hitsPerSecond produced 0 samples
2021-11-30 10:43:37,952 INFO o.a.j.r.p.AbstractSampleConsumer: class org.apache.jmeter.report.processor.graph.impl.LatencyVSRequestGraphConsumer#stopProducing(): latencyVsRequest produced 0 samples
2021-11-30 10:43:37,952 INFO o.a.j.r.p.AbstractSampleConsumer: class org.apache.jmeter.report.processor.graph.impl.SyntheticResponseTimeDistributionGraphConsumer#stopProducing(): syntheticResponseTimeDistribution produced 0 samples
2021-11-30 10:43:37,953 INFO o.a.j.r.p.AbstractSampleConsumer: class org.apache.jmeter.report.processor.graph.impl.BytesThroughputGraphConsumer#stopProducing(): bytesThroughputOverTime produced 0 samples
2021-11-30 10:43:37,953 INFO o.a.j.r.p.AbstractSampleConsumer: class org.apache.jmeter.report.processor.graph.impl.CodesPerSecondGraphConsumer#stopProducing(): codesPerSecond produced 0 samples
2021-11-30 10:43:37,957 INFO o.a.j.r.p.AbstractSampleConsumer: class org.apache.jmeter.report.processor.graph.impl.ResponseTimeVSRequestGraphConsumer#stopProducing(): responseTimeVsRequest produced 0 samples
2021-11-30 10:43:37,957 INFO o.a.j.r.p.AbstractSampleConsumer: class org.apache.jmeter.report.processor.FilterConsumer#stopProducing(): startIntervalControlerFilter produced 42 samples
2021-11-30 10:43:37,957 INFO o.a.j.r.p.AbstractSampleConsumer: class org.apache.jmeter.report.processor.graph.impl.TotalTPSGraphConsumer#stopProducing(): totalTPS produced 0 samples
2021-11-30 10:43:37,957 INFO o.a.j.r.p.AbstractSampleConsumer: class org.apache.jmeter.report.processor.graph.impl.ActiveThreadsGraphConsumer#stopProducing(): activeThreadsOverTime produced 0 samples
2021-11-30 10:43:37,957 INFO o.a.j.r.p.AbstractSampleConsumer: class org.apache.jmeter.report.processor.graph.impl.TimeVSThreadGraphConsumer#stopProducing(): timeVsThreads produced 0 samples
2021-11-30 10:43:37,958 INFO o.a.j.r.p.AbstractSampleConsumer: class org.apache.jmeter.report.processor.graph.impl.ResponseTimeDistributionGraphConsumer#stopProducing(): responseTimeDistribution produced 0 samples
2021-11-30 10:43:37,958 INFO o.a.j.r.p.AbstractSampleConsumer: class org.apache.jmeter.report.processor.graph.impl.TransactionsPerSecondGraphConsumer#stopProducing(): transactionsPerSecond produced 0 samples
2021-11-30 10:43:37,959 INFO o.a.j.r.p.AbstractSampleConsumer: class org.apache.jmeter.report.processor.graph.impl.ResponseTimePercentilesGraphConsumer#stopProducing(): responseTimePercentiles produced 0 samples
2021-11-30 10:43:37,961 INFO o.a.j.r.p.AbstractSampleConsumer: class org.apache.jmeter.report.processor.graph.impl.ResponseTimePercentilesOverTimeGraphConsumer#stopProducing(): responseTimePercentilesOverTime produced 0 samples
2021-11-30 10:43:37,961 INFO o.a.j.r.p.AbstractSampleConsumer: class org.apache.jmeter.report.processor.graph.impl.ResponseTimeOverTimeGraphConsumer#stopProducing(): responseTimesOverTime produced 0 samples
2021-11-30 10:43:37,961 INFO o.a.j.r.p.AbstractSampleConsumer: class org.apache.jmeter.report.processor.graph.impl.ConnectTimeOverTimeGraphConsumer#stopProducing(): connectTimeOverTime produced 0 samples
2021-11-30 10:43:37,961 INFO o.a.j.r.p.AbstractSampleConsumer: class org.apache.jmeter.report.processor.graph.impl.LatencyOverTimeGraphConsumer#stopProducing(): latenciesOverTime produced 0 samples
2021-11-30 10:43:37,961 INFO o.a.j.r.p.AbstractSampleConsumer: class org.apache.jmeter.report.processor.FilterConsumer#stopProducing(): nameFilter produced 105 samples
2021-11-30 10:43:37,961 INFO o.a.j.r.p.AbstractSampleConsumer: class org.apache.jmeter.report.processor.FilterConsumer#stopProducing(): dateRangeFilter produced 21 samples
2021-11-30 10:43:37,962 INFO o.a.j.r.p.AbstractSampleConsumer: class org.apache.jmeter.report.processor.NormalizerSampleConsumer#stopProducing(): normalizer produced 7 samples
2021-11-30 10:43:37,962 INFO o.a.j.r.p.CsvFileSampleSource: produce(): 7 samples produced in 55ms on channel 0
2021-11-30 10:43:37,962 INFO o.a.j.r.d.ReportGenerator: Exporting data using exporter:'json' of className:'org.apache.jmeter.report.dashboard.JsonExporter'
2021-11-30 10:43:38,066 INFO o.a.j.r.d.JsonExporter: Found data for consumer statisticsSummary in context
2021-11-30 10:43:38,066 INFO o.a.j.r.d.JsonExporter: Creating statistics for overall
2021-11-30 10:43:38,067 INFO o.a.j.r.d.JsonExporter: Creating statistics for other transactions
2021-11-30 10:43:38,067 INFO o.a.j.r.d.JsonExporter: Checking output folder
2021-11-30 10:43:38,068 INFO o.a.j.r.d.JsonExporter: Writing statistics JSON to /Users/PPatsa/Downloads/apache-jmeter-5.4.1/bin/logs/jmeter_dashboard_abc2/statistics.json
2021-11-30 10:43:38,102 INFO o.a.j.r.d.ReportGenerator: Exporting data using exporter:'html' of className:'org.apache.jmeter.report.dashboard.HtmlTemplateExporter'
2021-11-30 10:43:38,104 INFO o.a.j.r.d.HtmlTemplateExporter: Will generate dashboard in folder: /Users/PPatsa/Downloads/apache-jmeter-5.4.1/bin/logs/jmeter_dashboard_abc2
2021-11-30 10:43:38,184 INFO o.a.j.r.d.HtmlTemplateExporter: Report will be generated in: /Users/PPatsa/Downloads/apache-jmeter-5.4.1/bin/logs/jmeter_dashboard_abc2, creating folder structure
2021-11-30 10:43:38,187 INFO o.a.j.r.d.TemplateVisitor: Copying folder from '/Users/PPatsa/Downloads/apache-jmeter-5.4.1/bin/report-template' to '/Users/PPatsa/Downloads/apache-jmeter-5.4.1/bin/logs/jmeter_dashboard_abc2', got message: /Users/PPatsa/Downloads/apache-jmeter-5.4.1/bin/logs/jmeter_dashboard_abc2, found non empty folder with following content [/Users/PPatsa/Downloads/apache-jmeter-5.4.1/bin/logs/jmeter_dashboard_abc2/statistics.json], will be ignored
2021-11-30 10:43:38,654 INFO o.a.j.JMeter: Dashboard generated
