2021-11-29 13:00:00,420 INFO o.a.j.u.JMeterUtils: Setting Locale to en_EN
2021-11-29 13:00:00,447 INFO o.a.j.JMeter: Loading user properties from: user.properties
2021-11-29 13:00:00,448 INFO o.a.j.JMeter: Loading system properties from: system.properties
2021-11-29 13:00:00,449 INFO o.a.j.JMeter: Setting JMeter property: NUM_USERS=300
2021-11-29 13:00:00,449 INFO o.a.j.JMeter: Setting JMeter property: USERS_RAMP_UP_SEC=0
2021-11-29 13:00:00,449 INFO o.a.j.JMeter: Setting JMeter property: REQ_COUNT=1
2021-11-29 13:00:00,449 INFO o.a.j.JMeter: Setting JMeter property: REQ_COUNT_INCREMENT=1
2021-11-29 13:00:00,449 INFO o.a.j.JMeter: Setting JMeter property: REQ_DELAY_MS=1
2021-11-29 13:00:00,456 INFO o.a.j.JMeter: Copyright (c) 1998-2021 The Apache Software Foundation
2021-11-29 13:00:00,456 INFO o.a.j.JMeter: Version 5.4.1
2021-11-29 13:00:00,456 INFO o.a.j.JMeter: java.version=1.8.0_301
2021-11-29 13:00:00,456 INFO o.a.j.JMeter: java.vm.name=Java HotSpot(TM) 64-Bit Server VM
2021-11-29 13:00:00,457 INFO o.a.j.JMeter: os.name=Mac OS X
2021-11-29 13:00:00,457 INFO o.a.j.JMeter: os.arch=x86_64
2021-11-29 13:00:00,457 INFO o.a.j.JMeter: os.version=10.16
2021-11-29 13:00:00,457 INFO o.a.j.JMeter: file.encoding=UTF-8
2021-11-29 13:00:00,457 INFO o.a.j.JMeter: java.awt.headless=true
2021-11-29 13:00:00,457 INFO o.a.j.JMeter: Max memory     =1073741824
2021-11-29 13:00:00,457 INFO o.a.j.JMeter: Available Processors =8
2021-11-29 13:00:00,460 INFO o.a.j.JMeter: Default Locale=English (EN)
2021-11-29 13:00:00,461 INFO o.a.j.JMeter: JMeter  Locale=English (EN)
2021-11-29 13:00:00,461 INFO o.a.j.JMeter: JMeterHome=/Users/PPatsa/Downloads/apache-jmeter-5.4.1
2021-11-29 13:00:00,461 INFO o.a.j.JMeter: user.dir  =/Users/PPatsa/Downloads/apache-jmeter-5.4.1/bin
2021-11-29 13:00:00,461 INFO o.a.j.JMeter: PWD       =/Users/PPatsa/Downloads/apache-jmeter-5.4.1/bin
2021-11-29 13:00:00,541 INFO o.a.j.JMeter: IP: 192.168.68.68 Name: ppatsa-mbp368 FullName: ip-192-168-68-68.ca-central-1.compute.internal
2021-11-29 13:00:00,547 INFO o.a.j.JMeter: Setting property 'jmeter.reportgenerator.outputdir' to:'/Users/PPatsa/Downloads/apache-jmeter-5.4.1/bin/logs/jmeter_dashboard_abc'
2021-11-29 13:00:00,551 INFO o.a.j.s.FileServer: Default base='/Users/PPatsa/Downloads/apache-jmeter-5.4.1/bin'
2021-11-29 13:00:00,553 INFO o.a.j.s.FileServer: Set new base='/Users/PPatsa/Downloads'
2021-11-29 13:00:00,663 INFO o.a.j.s.SaveService: Testplan (JMX) version: 2.2. Testlog (JTL) version: 2.2
2021-11-29 13:00:00,685 INFO o.a.j.s.SaveService: Using SaveService properties file encoding UTF-8
2021-11-29 13:00:00,688 INFO o.a.j.s.SaveService: Using SaveService properties version 5.0
2021-11-29 13:00:00,693 INFO o.a.j.s.SaveService: Loading file: /Users/PPatsa/Downloads/PT4_BMO.jmx
2021-11-29 13:00:00,727 INFO o.a.j.p.h.c.CookieManager: Settings: Delete null: true Check: true Allow variable: true Save: false Prefix: COOKIE_
2021-11-29 13:00:00,729 INFO o.a.j.p.h.c.CacheManager: Will only cache the following methods: [GET]
2021-11-29 13:00:00,743 INFO o.a.j.p.h.s.HTTPSamplerBase: Parser for text/html is org.apache.jmeter.protocol.http.parser.LagartoBasedHtmlParser
2021-11-29 13:00:00,743 INFO o.a.j.p.h.s.HTTPSamplerBase: Parser for application/xhtml+xml is org.apache.jmeter.protocol.http.parser.LagartoBasedHtmlParser
2021-11-29 13:00:00,743 INFO o.a.j.p.h.s.HTTPSamplerBase: Parser for application/xml is org.apache.jmeter.protocol.http.parser.LagartoBasedHtmlParser
2021-11-29 13:00:00,743 INFO o.a.j.p.h.s.HTTPSamplerBase: Parser for text/xml is org.apache.jmeter.protocol.http.parser.LagartoBasedHtmlParser
2021-11-29 13:00:00,743 INFO o.a.j.p.h.s.HTTPSamplerBase: Parser for text/vnd.wap.wml is org.apache.jmeter.protocol.http.parser.RegexpHTMLParser
2021-11-29 13:00:00,743 INFO o.a.j.p.h.s.HTTPSamplerBase: Parser for text/css is org.apache.jmeter.protocol.http.parser.CssParser
2021-11-29 13:00:00,775 INFO o.a.j.JMeter: Creating summariser <summary>
2021-11-29 13:00:00,779 INFO o.a.j.r.d.ReportGenerator: ReportGenerator will use for Parsing the separator: ','
2021-11-29 13:00:00,779 INFO o.a.j.r.d.ReportGenerator: Will generate report at end of test from  results file: logs/jmeter_log_abc.jtl
2021-11-29 13:00:00,780 INFO o.a.j.r.d.ReportGenerator: Reading report generator properties from: /Users/PPatsa/Downloads/apache-jmeter-5.4.1/bin/reportgenerator.properties
2021-11-29 13:00:00,781 INFO o.a.j.r.d.ReportGenerator: Merging with JMeter properties
2021-11-29 13:00:00,785 INFO o.a.j.r.c.ReportGeneratorConfiguration: Property 'jmeter.reportgenerator.temp_dir' not found, using default value 'temp' instead.
2021-11-29 13:00:00,787 INFO o.a.j.r.c.ReportGeneratorConfiguration: Property 'jmeter.reportgenerator.apdex_per_transaction' not found, using default value 'null' instead.
2021-11-29 13:00:00,787 INFO o.a.j.r.c.ReportGeneratorConfiguration: apdex_per_transaction is empty, not APDEX per transaction customization
2021-11-29 13:00:00,787 INFO o.a.j.r.c.ReportGeneratorConfiguration: Property 'jmeter.reportgenerator.sample_filter' not found, using default value 'null' instead.
2021-11-29 13:00:00,787 INFO o.a.j.r.c.ReportGeneratorConfiguration: Property 'jmeter.reportgenerator.report_title' not found, using default value 'null' instead.
2021-11-29 13:00:00,787 INFO o.a.j.r.c.ReportGeneratorConfiguration: Property 'jmeter.reportgenerator.start_date' not found, using default value 'null' instead.
2021-11-29 13:00:00,787 INFO o.a.j.r.c.ReportGeneratorConfiguration: Property 'jmeter.reportgenerator.end_date' not found, using default value 'null' instead.
2021-11-29 13:00:00,788 INFO o.a.j.r.c.ReportGeneratorConfiguration: Property 'jmeter.reportgenerator.date_format' not found, using default value 'null' instead.
2021-11-29 13:00:00,788 INFO o.a.j.r.c.ReportGeneratorConfiguration: Will use date range start date: null, end date: null
2021-11-29 13:00:00,791 INFO o.a.j.r.c.ReportGeneratorConfiguration: Property 'jmeter.reportgenerator.graph.totalTPS.exclude_controllers' not found, using default value 'false' instead.
2021-11-29 13:00:00,791 INFO o.a.j.r.c.ReportGeneratorConfiguration: Property 'jmeter.reportgenerator.graph.activeThreadsOverTime.exclude_controllers' not found, using default value 'false' instead.
2021-11-29 13:00:00,792 INFO o.a.j.r.c.ReportGeneratorConfiguration: Property 'jmeter.reportgenerator.graph.timeVsThreads.exclude_controllers' not found, using default value 'false' instead.
2021-11-29 13:00:00,792 INFO o.a.j.r.c.ReportGeneratorConfiguration: Property 'jmeter.reportgenerator.graph.responseTimeDistribution.exclude_controllers' not found, using default value 'false' instead.
2021-11-29 13:00:00,792 INFO o.a.j.r.c.ReportGeneratorConfiguration: Property 'jmeter.reportgenerator.graph.transactionsPerSecond.exclude_controllers' not found, using default value 'false' instead.
2021-11-29 13:00:00,792 INFO o.a.j.r.c.ReportGeneratorConfiguration: Property 'jmeter.reportgenerator.graph.responseTimePercentiles.exclude_controllers' not found, using default value 'false' instead.
2021-11-29 13:00:00,792 INFO o.a.j.r.c.ReportGeneratorConfiguration: Property 'jmeter.reportgenerator.graph.responseTimePercentilesOverTime.exclude_controllers' not found, using default value 'false' instead.
2021-11-29 13:00:00,792 INFO o.a.j.r.c.ReportGeneratorConfiguration: Property 'jmeter.reportgenerator.graph.responseTimesOverTime.exclude_controllers' not found, using default value 'false' instead.
2021-11-29 13:00:00,792 INFO o.a.j.r.c.ReportGeneratorConfiguration: Property 'jmeter.reportgenerator.graph.connectTimeOverTime.exclude_controllers' not found, using default value 'false' instead.
2021-11-29 13:00:00,792 INFO o.a.j.r.c.ReportGeneratorConfiguration: Property 'jmeter.reportgenerator.graph.latenciesOverTime.exclude_controllers' not found, using default value 'false' instead.
2021-11-29 13:00:00,793 INFO o.a.j.r.c.ReportGeneratorConfiguration: Property 'jmeter.reportgenerator.exporter.json.filters_only_sample_series' not found, using default value 'true' instead.
2021-11-29 13:00:00,793 INFO o.a.j.r.c.ReportGeneratorConfiguration: Property 'jmeter.reportgenerator.exporter.json.series_filter' not found, using default value '' instead.
2021-11-29 13:00:00,793 INFO o.a.j.r.c.ReportGeneratorConfiguration: Property 'jmeter.reportgenerator.exporter.json.show_controllers_only' not found, using default value 'false' instead.
2021-11-29 13:00:00,794 INFO o.a.j.r.c.ReportGeneratorConfiguration: Property 'jmeter.reportgenerator.exporter.html.filters_only_sample_series' not found, using default value 'true' instead.
2021-11-29 13:00:00,794 INFO o.a.j.r.c.ReportGeneratorConfiguration: Property 'jmeter.reportgenerator.exporter.html.series_filter' not found, using default value '' instead.
2021-11-29 13:00:00,794 INFO o.a.j.r.c.ReportGeneratorConfiguration: Property 'jmeter.reportgenerator.exporter.html.show_controllers_only' not found, using default value 'false' instead.
2021-11-29 13:00:00,797 INFO o.a.j.e.StandardJMeterEngine: Running the test!
2021-11-29 13:00:00,799 INFO o.a.j.s.SampleEvent: List of sample_variables: []
2021-11-29 13:00:00,799 INFO o.a.j.s.SampleEvent: List of sample_variables: []
2021-11-29 13:00:00,803 INFO o.a.j.e.u.CompoundVariable: Note: Function class names must contain the string: '.functions.'
2021-11-29 13:00:00,803 INFO o.a.j.e.u.CompoundVariable: Note: Function class names must not contain the string: '.gui.'
2021-11-29 13:00:01,036 INFO o.a.j.JMeter: Running test (1638208801036)
2021-11-29 13:00:01,064 INFO o.a.j.e.StandardJMeterEngine: Starting ThreadGroup: 1 : Thread Group
2021-11-29 13:00:01,065 INFO o.a.j.e.StandardJMeterEngine: Starting 1 threads for group Thread Group.
2021-11-29 13:00:01,065 INFO o.a.j.e.StandardJMeterEngine: Thread will continue on error
2021-11-29 13:00:01,065 INFO o.a.j.t.ThreadGroup: Starting thread group... number=1 threads=1 ramp-up=1 delayedStart=false
2021-11-29 13:00:01,069 INFO o.a.j.t.ThreadGroup: Started thread group number 1
2021-11-29 13:00:01,069 INFO o.a.j.e.StandardJMeterEngine: All thread groups have been started
2021-11-29 13:00:01,072 INFO o.a.j.s.SampleResult: Note: Sample TimeStamps are START times
2021-11-29 13:00:01,072 INFO o.a.j.s.SampleResult: sampleresult.default.encoding is set to ISO-8859-1
2021-11-29 13:00:01,072 INFO o.a.j.s.SampleResult: sampleresult.useNanoTime=true
2021-11-29 13:00:01,072 INFO o.a.j.s.SampleResult: sampleresult.nanoThreadSleep=5000
2021-11-29 13:00:01,073 INFO o.a.j.t.JMeterThread: Thread started: Thread Group 1-1
2021-11-29 13:00:01,085 INFO o.a.j.p.h.s.HTTPHCAbstractImpl: Local host = ppatsa-mbp368
2021-11-29 13:00:01,089 INFO o.a.j.p.h.s.HTTPHC4Impl: HTTP request retry count = 0
2021-11-29 13:00:01,192 INFO o.a.j.p.h.s.h.LazyLayeredConnectionSocketFactory: Setting up HTTPS TrustAll Socket Factory
2021-11-29 13:00:01,197 INFO o.a.j.u.JsseSSLManager: Using default SSL protocol: TLS
2021-11-29 13:00:01,197 INFO o.a.j.u.JsseSSLManager: SSL session context: per-thread
2021-11-29 13:00:01,466 INFO o.a.j.u.SSLManager: JmeterKeyStore Location:  type JKS
2021-11-29 13:00:01,468 INFO o.a.j.u.SSLManager: KeyStore created OK
2021-11-29 13:00:01,469 WARN o.a.j.u.SSLManager: Keystore file not found, loading empty keystore
2021-11-29 13:00:01,950 INFO o.a.j.p.h.p.BaseParser: Created org.apache.jmeter.protocol.http.parser.LagartoBasedHtmlParser
2021-11-29 13:00:01,977 INFO o.a.j.p.h.s.ResourcesDownloader: Creating ResourcesDownloader with keepalive_inseconds : 60
2021-11-29 13:00:02,237 INFO o.a.j.p.h.p.BaseParser: Created org.apache.jmeter.protocol.http.parser.CssParser
2021-11-29 13:00:02,941 WARN c.h.c.r.e.LoggingCSSParseErrorHandler: Browser compliant mode skipped CSS from [10:132457] starting at token ';' until [10:132481] to token ';' (based on com.helger.css.parser.ParseException: Encountered unexpected token: "*" "*"
    at line 10, column 132458.

Was expecting one of:

    ";"
    "@bottom-center"
    "@bottom-left"
    "@bottom-left-corner"
    "@bottom-right"
    "@bottom-right-corner"
    "@charset"
    "@import"
    "@left-bottom"
    "@left-middle"
    "@left-top"
    "@media"
    "@namespace"
    "@page"
    "@right-bottom"
    "@right-middle"
    "@right-top"
    "@supports"
    "@top-center"
    "@top-left"
    "@top-left-corner"
    "@top-right"
    "@top-right-corner"
    "}"
    <AT_UNKNOWN>
    <FONTFACE_SYM>
    <IDENT>
    <KEYFRAMES_SYM>
    <S>
    <VIEWPORT_SYM>
)
2021-11-29 13:00:02,941 WARN c.h.c.r.e.LoggingCSSParseErrorHandler: Browser compliant mode skipped CSS from [10:132482] starting at token '*' until [10:132612] to token '}' (based on com.helger.css.parser.ParseException: Encountered unexpected token: "border-bottom-width" <IDENT>
    at line 10, column 132483.

Was expecting one of:

    "."
    ":"
    ":not("
    "["
    <COMMA>
    <HASH>
    <LBRACE>
    <S>
)
2021-11-29 13:00:04,790 INFO o.a.j.r.Summariser: summary +      1 in 00:00:04 =    0.3/s Avg:  3662 Min:  3662 Max:  3662 Err:     0 (0.00%) Active: 1 Started: 1 Finished: 0
2021-11-29 13:00:04,896 INFO o.a.j.t.JMeterThread: Thread is done: Thread Group 1-1
2021-11-29 13:00:04,896 INFO o.a.j.t.JMeterThread: Thread finished: Thread Group 1-1
2021-11-29 13:00:04,902 INFO o.a.j.e.StandardJMeterEngine: Notifying test listeners of end of test
2021-11-29 13:00:04,903 INFO o.a.j.r.Summariser: summary +      1 in 00:00:00 =    8.7/s Avg:   102 Min:   102 Max:   102 Err:     0 (0.00%) Active: 0 Started: 1 Finished: 1
2021-11-29 13:00:04,904 INFO o.a.j.r.Summariser: summary =      2 in 00:00:04 =    0.5/s Avg:  1882 Min:   102 Max:  3662 Err:     0 (0.00%)
2021-11-29 13:00:04,904 INFO o.a.j.JMeter: Generating Dashboard
2021-11-29 13:00:04,904 INFO o.a.j.r.d.ReportGenerator: Flushing result collector before report Generation
2021-11-29 13:00:04,919 INFO o.a.j.r.p.NormalizerSampleConsumer: Using format, 'ms', to parse timeStamp field
2021-11-29 13:00:04,975 INFO o.a.j.r.p.AbstractSampleConsumer: class org.apache.jmeter.report.processor.AggregateConsumer#stopProducing(): beginDate produced 0 samples
2021-11-29 13:00:04,975 INFO o.a.j.r.p.AbstractSampleConsumer: class org.apache.jmeter.report.processor.AggregateConsumer#stopProducing(): endDate produced 0 samples
2021-11-29 13:00:04,977 INFO o.a.j.r.p.AbstractSampleConsumer: class org.apache.jmeter.report.processor.ApdexSummaryConsumer#stopProducing(): apdexSummary produced 0 samples
2021-11-29 13:00:04,977 INFO o.a.j.r.p.AbstractSampleConsumer: class org.apache.jmeter.report.processor.RequestsSummaryConsumer#stopProducing(): requestsSummary produced 0 samples
2021-11-29 13:00:04,983 INFO o.a.j.r.p.AbstractSampleConsumer: class org.apache.jmeter.report.processor.StatisticsSummaryConsumer#stopProducing(): statisticsSummary produced 0 samples
2021-11-29 13:00:04,986 INFO o.a.j.r.p.AbstractSampleConsumer: class org.apache.jmeter.report.processor.Top5ErrorsBySamplerConsumer#stopProducing(): top5ErrorsBySampler produced 0 samples
2021-11-29 13:00:04,986 INFO o.a.j.r.p.AbstractSampleConsumer: class org.apache.jmeter.report.processor.ErrorsSummaryConsumer#stopProducing(): errorsSummary produced 0 samples
2021-11-29 13:00:04,986 INFO o.a.j.r.p.AbstractSampleConsumer: class org.apache.jmeter.report.processor.graph.impl.HitsPerSecondGraphConsumer#stopProducing(): hitsPerSecond produced 0 samples
2021-11-29 13:00:04,997 INFO o.a.j.r.p.AbstractSampleConsumer: class org.apache.jmeter.report.processor.graph.impl.LatencyVSRequestGraphConsumer#stopProducing(): latencyVsRequest produced 0 samples
2021-11-29 13:00:04,997 INFO o.a.j.r.p.AbstractSampleConsumer: class org.apache.jmeter.report.processor.graph.impl.SyntheticResponseTimeDistributionGraphConsumer#stopProducing(): syntheticResponseTimeDistribution produced 0 samples
2021-11-29 13:00:04,998 INFO o.a.j.r.p.AbstractSampleConsumer: class org.apache.jmeter.report.processor.graph.impl.BytesThroughputGraphConsumer#stopProducing(): bytesThroughputOverTime produced 0 samples
2021-11-29 13:00:04,998 INFO o.a.j.r.p.AbstractSampleConsumer: class org.apache.jmeter.report.processor.graph.impl.CodesPerSecondGraphConsumer#stopProducing(): codesPerSecond produced 0 samples
2021-11-29 13:00:05,002 INFO o.a.j.r.p.AbstractSampleConsumer: class org.apache.jmeter.report.processor.graph.impl.ResponseTimeVSRequestGraphConsumer#stopProducing(): responseTimeVsRequest produced 0 samples
2021-11-29 13:00:05,002 INFO o.a.j.r.p.AbstractSampleConsumer: class org.apache.jmeter.report.processor.FilterConsumer#stopProducing(): startIntervalControlerFilter produced 42 samples
2021-11-29 13:00:05,002 INFO o.a.j.r.p.AbstractSampleConsumer: class org.apache.jmeter.report.processor.graph.impl.TotalTPSGraphConsumer#stopProducing(): totalTPS produced 0 samples
2021-11-29 13:00:05,002 INFO o.a.j.r.p.AbstractSampleConsumer: class org.apache.jmeter.report.processor.graph.impl.ActiveThreadsGraphConsumer#stopProducing(): activeThreadsOverTime produced 0 samples
2021-11-29 13:00:05,002 INFO o.a.j.r.p.AbstractSampleConsumer: class org.apache.jmeter.report.processor.graph.impl.TimeVSThreadGraphConsumer#stopProducing(): timeVsThreads produced 0 samples
2021-11-29 13:00:05,003 INFO o.a.j.r.p.AbstractSampleConsumer: class org.apache.jmeter.report.processor.graph.impl.ResponseTimeDistributionGraphConsumer#stopProducing(): responseTimeDistribution produced 0 samples
2021-11-29 13:00:05,003 INFO o.a.j.r.p.AbstractSampleConsumer: class org.apache.jmeter.report.processor.graph.impl.TransactionsPerSecondGraphConsumer#stopProducing(): transactionsPerSecond produced 0 samples
2021-11-29 13:00:05,003 INFO o.a.j.r.p.AbstractSampleConsumer: class org.apache.jmeter.report.processor.graph.impl.ResponseTimePercentilesGraphConsumer#stopProducing(): responseTimePercentiles produced 0 samples
2021-11-29 13:00:05,006 INFO o.a.j.r.p.AbstractSampleConsumer: class org.apache.jmeter.report.processor.graph.impl.ResponseTimePercentilesOverTimeGraphConsumer#stopProducing(): responseTimePercentilesOverTime produced 0 samples
2021-11-29 13:00:05,006 INFO o.a.j.r.p.AbstractSampleConsumer: class org.apache.jmeter.report.processor.graph.impl.ResponseTimeOverTimeGraphConsumer#stopProducing(): responseTimesOverTime produced 0 samples
2021-11-29 13:00:05,006 INFO o.a.j.r.p.AbstractSampleConsumer: class org.apache.jmeter.report.processor.graph.impl.ConnectTimeOverTimeGraphConsumer#stopProducing(): connectTimeOverTime produced 0 samples
2021-11-29 13:00:05,006 INFO o.a.j.r.p.AbstractSampleConsumer: class org.apache.jmeter.report.processor.graph.impl.LatencyOverTimeGraphConsumer#stopProducing(): latenciesOverTime produced 0 samples
2021-11-29 13:00:05,006 INFO o.a.j.r.p.AbstractSampleConsumer: class org.apache.jmeter.report.processor.FilterConsumer#stopProducing(): nameFilter produced 105 samples
2021-11-29 13:00:05,007 INFO o.a.j.r.p.AbstractSampleConsumer: class org.apache.jmeter.report.processor.FilterConsumer#stopProducing(): dateRangeFilter produced 21 samples
2021-11-29 13:00:05,007 INFO o.a.j.r.p.AbstractSampleConsumer: class org.apache.jmeter.report.processor.NormalizerSampleConsumer#stopProducing(): normalizer produced 7 samples
2021-11-29 13:00:05,007 INFO o.a.j.r.p.CsvFileSampleSource: produce(): 7 samples produced in 56ms on channel 0
2021-11-29 13:00:05,007 INFO o.a.j.r.d.ReportGenerator: Exporting data using exporter:'json' of className:'org.apache.jmeter.report.dashboard.JsonExporter'
2021-11-29 13:00:05,142 INFO o.a.j.r.d.JsonExporter: Found data for consumer statisticsSummary in context
2021-11-29 13:00:05,142 INFO o.a.j.r.d.JsonExporter: Creating statistics for overall
2021-11-29 13:00:05,142 INFO o.a.j.r.d.JsonExporter: Creating statistics for other transactions
2021-11-29 13:00:05,143 INFO o.a.j.r.d.JsonExporter: Checking output folder
2021-11-29 13:00:05,143 INFO o.a.j.r.d.JsonExporter: Writing statistics JSON to /Users/PPatsa/Downloads/apache-jmeter-5.4.1/bin/logs/jmeter_dashboard_abc/statistics.json
2021-11-29 13:00:05,181 INFO o.a.j.r.d.ReportGenerator: Exporting data using exporter:'html' of className:'org.apache.jmeter.report.dashboard.HtmlTemplateExporter'
2021-11-29 13:00:05,184 INFO o.a.j.r.d.HtmlTemplateExporter: Will generate dashboard in folder: /Users/PPatsa/Downloads/apache-jmeter-5.4.1/bin/logs/jmeter_dashboard_abc
2021-11-29 13:00:05,272 INFO o.a.j.r.d.HtmlTemplateExporter: Report will be generated in: /Users/PPatsa/Downloads/apache-jmeter-5.4.1/bin/logs/jmeter_dashboard_abc, creating folder structure
2021-11-29 13:00:05,275 INFO o.a.j.r.d.TemplateVisitor: Copying folder from '/Users/PPatsa/Downloads/apache-jmeter-5.4.1/bin/report-template' to '/Users/PPatsa/Downloads/apache-jmeter-5.4.1/bin/logs/jmeter_dashboard_abc', got message: /Users/PPatsa/Downloads/apache-jmeter-5.4.1/bin/logs/jmeter_dashboard_abc, found non empty folder with following content [/Users/PPatsa/Downloads/apache-jmeter-5.4.1/bin/logs/jmeter_dashboard_abc/statistics.json], will be ignored
2021-11-29 13:00:05,814 INFO o.a.j.JMeter: Dashboard generated
